#
# A fatal error has been detected by the Java Runtime Environment:
#
#  EXCEPTION_ACCESS_VIOLATION (0xc0000005) at pc=0x00007ff88396c960, pid=20372, tid=144884
#
# JRE version: OpenJDK Runtime Environment Temurin-17.0.9+9 (17.0.9+9) (build 17.0.9+9)
# Java VM: OpenJDK 64-Bit Server VM Temurin-17.0.9+9 (17.0.9+9, mixed mode, tiered, compressed oops, compressed class ptrs, parallel gc, windows-amd64)
# Problematic frame:
# V  [jvm.dll+0x2ec960]
#
# No core dump will be written. Minidumps are not enabled by default on client versions of Windows
#
# If you would like to submit a bug report, please visit:
#   https://github.com/adoptium/adoptium-support/issues
#

---------------  S U M M A R Y ------------

Command Line: --add-modules=ALL-SYSTEM --add-opens=java.base/java.util=ALL-UNNAMED --add-opens=java.base/java.lang=ALL-UNNAMED --add-opens=java.base/sun.nio.fs=ALL-UNNAMED -Declipse.application=org.eclipse.jdt.ls.core.id1 -Dosgi.bundles.defaultStartLevel=4 -Declipse.product=org.eclipse.jdt.ls.core.product -Djava.import.generatesMetadataFilesAtProjectRoot=false -DDetectVMInstallationsJob.disabled=true -Dfile.encoding=utf8 -XX:+UseParallelGC -XX:GCTimeRatio=4 -XX:AdaptiveSizePolicyWeight=90 -Dsun.zip.disableMemoryMapping=true -Xmx1G -Xms100m -Xlog:disable -javaagent:c:\Users\Jon\.vscode\extensions\redhat.java-1.25.1-win32-x64\lombok\lombok-1.18.30.jar -XX:+HeapDumpOnOutOfMemoryError -XX:HeapDumpPath=c:\Users\Jon\AppData\Roaming\Code\User\workspaceStorage\f5a36d1b45a69a2eec6aa110b2bc296a\redhat.java -Daether.dependencyCollector.impl=bf c:\Users\Jon\.vscode\extensions\redhat.java-1.25.1-win32-x64\server\plugins\org.eclipse.equinox.launcher_1.6.600.v20231106-1826.jar -configuration c:\Users\Jon\AppData\Roaming\Code\User\globalStorage\redhat.java\1.25.1\config_win -data c:\Users\Jon\AppData\Roaming\Code\User\workspaceStorage\f5a36d1b45a69a2eec6aa110b2bc296a\redhat.java\jdt_ws --stdio

Host: Intel(R) Core(TM) i9-9900KF CPU @ 3.60GHz, 16 cores, 31G,  Windows 10 , 64 bit Build 19041 (10.0.19041.3636)
Time: Wed Jan 10 15:39:34 2024 Central Standard Time elapsed time: 1356.975785 seconds (0d 0h 22m 36s)

---------------  T H R E A D  ---------------

Current thread (0x00000173b0883790):  GCTaskThread "GC Thread#10" [stack: 0x00000023e6d00000,0x00000023e6e00000] [id=144884]

Stack: [0x00000023e6d00000,0x00000023e6e00000],  sp=0x00000023e6dffc78,  free space=1023k
Native frames: (J=compiled Java code, j=interpreted, Vv=VM code, C=native code)
V  [jvm.dll+0x2ec960]
V  [jvm.dll+0x6bdd78]
V  [jvm.dll+0x6be1ef]
V  [jvm.dll+0x861e7b]
V  [jvm.dll+0x861ec6]
V  [jvm.dll+0x7e3c3a]
V  [jvm.dll+0x67be35]
C  [ucrtbase.dll+0x21bb2]
C  [KERNEL32.DLL+0x17344]
C  [ntdll.dll+0x526b1]


siginfo: EXCEPTION_ACCESS_VIOLATION (0xc0000005), writing address 0x000001739436e559


Registers:
RAX=0x0000000000009400, RBX=0x0000000000000002, RCX=0x000001739236e560, RDX=0x0000000000000005
RSP=0x00000023e6dffc78, RBP=0x0000000000000002, RSI=0x0000000000000028, RDI=0x00000173a7f98e60
R8 =0x0000000000000000, R9 =0x0000000000000004, R10=0x0000000000000009, R11=0x000001739236d1e0
R12=0x0000000000000000, R13=0x00000173b00e15a0, R14=0x0000000000000020, R15=0x00000023e6dffce0
RIP=0x00007ff88396c960, EFLAGS=0x0000000000010206


Register to memory mapping:

RIP=0x00007ff88396c960 jvm.dll
RAX=0x0000000000009400 is an unknown value
RBX=0x0000000000000002 is an unknown value
RCX=0x000001739236e560 points into unknown readable memory: 0x04182d016b01b42a | 2a b4 01 6b 01 2d 18 04
RDX=0x0000000000000005 is an unknown value
RSP=0x00000023e6dffc78 points into unknown readable memory: 0x00000023e5aff288 | 88 f2 af e5 23 00 00 00
RBP=0x0000000000000002 is an unknown value
RSI=0x0000000000000028 is an unknown value
RDI=0x00000173a7f98e60 points into unknown readable memory: 0x00007ff883fd3040 | 40 30 fd 83 f8 7f 00 00
R8 =0x0 is NULL
R9 =0x0000000000000004 is an unknown value
R10=0x0000000000000009 is an unknown value
R11=0x000001739236d1e0 points into unknown readable memory: 0x0b150819120099ed | ed 99 00 12 19 08 15 0b
R12=0x0 is NULL
R13=0x00000173b00e15a0 points into unknown readable memory: 0x0000000000000002 | 02 00 00 00 00 00 00 00
R14=0x0000000000000020 is an unknown value
R15=0x00000023e6dffce0 points into unknown readable memory: 0x0000000000000000 | 00 00 00 00 00 00 00 00


Top of Stack: (sp=0x00000023e6dffc78)
0x00000023e6dffc78:   00000023e5aff288 0000000000000020
0x00000023e6dffc88:   0000000000000005 0000000000000002
0x00000023e6dffc98:   00007ff883d3dd78 000001739236d180
0x00000023e6dffca8:   000001739236d180 0000000000000000
0x00000023e6dffcb8:   00000023e5aff2e0 00000023e5aff180
0x00000023e6dffcc8:   00007ff883d3e1ef 0000000000000000
0x00000023e6dffcd8:   00000023e6dffd69 0000000000000000
0x00000023e6dffce8:   0000000000000001 000001739236d180
0x00000023e6dffcf8:   0000000000000002 000000000000000d
0x00000023e6dffd08:   00000023e5afece8 0000000200000002
0x00000023e6dffd18:   000001739236d180 00007ff884031dc8
0x00000023e6dffd28:   000001739236d180 00000023e5aff180
0x00000023e6dffd38:   00000173ad5d2df0 00000000000003d8
0x00000023e6dffd48:   00000173ad5d2e00 00000173ad5d31d8
0x00000023e6dffd58:   00007ff884031f18 0000000000000002
0x00000023e6dffd68:   0000000000000000 0000000000000001
0x00000023e6dffd78:   0000000000000001 0000000000000000
0x00000023e6dffd88:   000017f764693277 0000000000000000
0x00000023e6dffd98:   00000173b0883790 0000000000000000
0x00000023e6dffda8:   0000000000000000 00000023e5aff180
0x00000023e6dffdb8:   00000173b0883790 0000000000000000
0x00000023e6dffdc8:   00007ff883ee1e7b 0000000000000003
0x00000023e6dffdd8:   0000000000000000 0000000000000003
0x00000023e6dffde8:   00000023e5aff180 00000000000075a3
0x00000023e6dffdf8:   00007ff883ee1ec6 00000173b0883790
0x00000023e6dffe08:   00000023ffffffff 00000173922b9730
0x00000023e6dffe18:   0000000000000000 00000173b0883790
0x00000023e6dffe28:   00007ff883e63c3a 0000000000000000
0x00000023e6dffe38:   00000000000075a3 00000173b0883790
0x00000023e6dffe48:   00007ff8f3ae3a81 0000000000000000
0x00000023e6dffe58:   0000000000000000 0000000000000000
0x00000023e6dffe68:   00007ff883cfbe35 00000173b0883790 

Instructions: (pc=0x00007ff88396c960)
0x00007ff88396c860:   41 00 00 69 ca ff ff ff 7f 2b c1 85 c0 8d 88 ff
0x00007ff88396c870:   ff ff 7f 0f 4e c1 33 d2 41 89 83 04 02 00 00 f7
0x00007ff88396c880:   77 08 44 8b ca 3b d3 74 b7 8b d3 0f 1f 44 00 00
0x00007ff88396c890:   3b d3 74 05 41 3b d1 75 44 45 8b 83 04 02 00 00
0x00007ff88396c8a0:   b8 5f 0b 4e 83 41 f7 e8 41 03 d0 c1 fa 10 8b c2
0x00007ff88396c8b0:   c1 e8 1f 03 d0 41 69 c0 a7 41 00 00 69 ca ff ff
0x00007ff88396c8c0:   ff 7f 2b c1 85 c0 8d 88 ff ff ff 7f 0f 4e c1 33
0x00007ff88396c8d0:   d2 41 89 83 04 02 00 00 f7 77 08 eb b3 41 8b c1
0x00007ff88396c8e0:   4c 8d 34 c5 00 00 00 00 48 8b 47 10 49 8b 0c 06
0x00007ff88396c8f0:   8b 81 00 01 00 00 44 8b 91 80 00 00 00 44 2b d0
0x00007ff88396c900:   8b c2 41 81 e2 ff ff 01 00 41 81 fa ff ff 01 00
0x00007ff88396c910:   45 0f 44 d4 48 8d 34 c5 00 00 00 00 48 8b 47 10
0x00007ff88396c920:   48 8b 0c 06 8b 81 00 01 00 00 44 8b 81 80 00 00
0x00007ff88396c930:   00 44 2b c0 32 c0 41 81 e0 ff ff 01 00 41 81 f8
0x00007ff88396c940:   ff ff 01 00 45 0f 44 c4 45 3b c2 76 0a 48 8b 47
0x00007ff88396c950:   10 48 8b 34 06 eb 14 45 85 d2 0f 84 84 00 00 00
0x00007ff88396c960:   48 8b 47 10 41 8b d1 49 8b 34 06 48 8b 86 00 01
0x00007ff88396c970:   00 00 90 8b 8e 80 00 00 00 2b c8 81 e1 ff ff 01
0x00007ff88396c980:   00 81 f9 ff ff 01 00 41 0f 44 cc 85 c9 75 13 ba
0x00007ff88396c990:   ff ff ff ff 32 c0 41 89 93 00 02 00 00 e9 c5 00
0x00007ff88396c9a0:   00 00 48 8b 8e 80 01 00 00 4c 8b c8 44 8b c0 4e
0x00007ff88396c9b0:   8b 04 c1 8d 48 01 81 e1 ff ff 01 00 4d 89 07 45
0x00007ff88396c9c0:   8b c4 41 0f 94 c0 49 c1 e9 20 45 03 c8 49 c1 e1
0x00007ff88396c9d0:   20 4c 0b c9 f0 4c 0f b1 8e 00 01 00 00 0f 94 c0
0x00007ff88396c9e0:   84 c0 75 05 ba ff ff ff ff 41 89 93 00 02 00 00
0x00007ff88396c9f0:   eb 75 75 77 48 8b 47 10 8d 4b ff 83 e1 01 4c 8b
0x00007ff88396ca00:   14 c8 49 8b 82 00 01 00 00 90 41 8b 8a 80 00 00
0x00007ff88396ca10:   00 2b c8 81 e1 ff ff 01 00 81 f9 ff ff 01 00 41
0x00007ff88396ca20:   0f 44 cc 85 c9 75 04 32 c0 eb 3c 49 8b 8a 80 01
0x00007ff88396ca30:   00 00 4c 8b c0 8b d0 48 8b 14 d1 8d 48 01 81 e1
0x00007ff88396ca40:   ff ff 01 00 49 89 17 41 8b d4 0f 94 c2 49 c1 e8
0x00007ff88396ca50:   20 44 03 c2 49 c1 e0 20 4c 0b c1 f0 4d 0f b1 82 


Stack slot to memory mapping:
stack at sp + 0 slots: 0x00000023e5aff288 points into unknown readable memory: 0x00000173922ab820 | 20 b8 2a 92 73 01 00 00
stack at sp + 1 slots: 0x0000000000000020 is an unknown value
stack at sp + 2 slots: 0x0000000000000005 is an unknown value
stack at sp + 3 slots: 0x0000000000000002 is an unknown value
stack at sp + 4 slots: 0x00007ff883d3dd78 jvm.dll
stack at sp + 5 slots: 0x000001739236d180 points into unknown readable memory: 0x00007ff884031c78 | 78 1c 03 84 f8 7f 00 00
stack at sp + 6 slots: 0x000001739236d180 points into unknown readable memory: 0x00007ff884031c78 | 78 1c 03 84 f8 7f 00 00
stack at sp + 7 slots: 0x0 is NULL


---------------  P R O C E S S  ---------------

Threads class SMR info:
_java_thread_list=0x00000173b14a1e70, length=45, elements={
0x00000173922bde40, 0x00000173a80a8d30, 0x0000017392373000, 0x00000173ad42b270,
0x00000173ad42c000, 0x00000173ad42d530, 0x00000173ad438810, 0x00000173ad43ac30,
0x00000173ad43b5f0, 0x00000173ad4446d0, 0x000001739231e880, 0x00000173af38f030,
0x00000173afba8a10, 0x00000173afb43aa0, 0x00000173afb43f80, 0x00000173b04982f0,
0x00000173b08339e0, 0x00000173b08bb180, 0x00000173b08bdf10, 0x00000173b08bac70,
0x00000173b08bcad0, 0x00000173b08bb690, 0x00000173b08bbba0, 0x00000173b08bcfe0,
0x00000173b35b01a0, 0x00000173b35ac9f0, 0x00000173b35afc90, 0x00000173b35ade30,
0x00000173b35ab5b0, 0x00000173b35af780, 0x00000173b35b2000, 0x00000173b35aab90,
0x00000173b35b15e0, 0x00000173b35b06b0, 0x00000173b35abfd0, 0x00000173b35b0bc0,
0x00000173b35abac0, 0x00000173b35ae850, 0x00000173b08bd4f0, 0x00000173b08bda00,
0x00000173b2af4b40, 0x00000173b2af2ce0, 0x00000173b2af6eb0, 0x00000173b35aed60,
0x00000173b35ad920
}

Java Threads: ( => current thread )
  0x00000173922bde40 JavaThread "main" [_thread_blocked, id=146840, stack(0x00000023e5800000,0x00000023e5900000)]
  0x00000173a80a8d30 JavaThread "Reference Handler" daemon [_thread_blocked, id=143672, stack(0x00000023e5b00000,0x00000023e5c00000)]
  0x0000017392373000 JavaThread "Finalizer" daemon [_thread_blocked, id=47164, stack(0x00000023e5c00000,0x00000023e5d00000)]
  0x00000173ad42b270 JavaThread "Signal Dispatcher" daemon [_thread_blocked, id=140976, stack(0x00000023e5d00000,0x00000023e5e00000)]
  0x00000173ad42c000 JavaThread "Attach Listener" daemon [_thread_blocked, id=144572, stack(0x00000023e5e00000,0x00000023e5f00000)]
  0x00000173ad42d530 JavaThread "Service Thread" daemon [_thread_blocked, id=127188, stack(0x00000023e5f00000,0x00000023e6000000)]
  0x00000173ad438810 JavaThread "Monitor Deflation Thread" daemon [_thread_blocked, id=140240, stack(0x00000023e6000000,0x00000023e6100000)]
  0x00000173ad43ac30 JavaThread "C2 CompilerThread0" daemon [_thread_blocked, id=138124, stack(0x00000023e6100000,0x00000023e6200000)]
  0x00000173ad43b5f0 JavaThread "C1 CompilerThread0" daemon [_thread_blocked, id=52664, stack(0x00000023e6200000,0x00000023e6300000)]
  0x00000173ad4446d0 JavaThread "Sweeper thread" daemon [_thread_blocked, id=139476, stack(0x00000023e6300000,0x00000023e6400000)]
  0x000001739231e880 JavaThread "Common-Cleaner" daemon [_thread_blocked, id=139688, stack(0x00000023e6400000,0x00000023e6500000)]
  0x00000173af38f030 JavaThread "Notification Thread" daemon [_thread_blocked, id=24788, stack(0x00000023e6900000,0x00000023e6a00000)]
  0x00000173afba8a10 JavaThread "Active Thread: Equinox Container: 355bdad4-2f2a-407d-ab12-890820ed0de4" [_thread_blocked, id=67568, stack(0x00000023e7300000,0x00000023e7400000)]
  0x00000173afb43aa0 JavaThread "Framework Event Dispatcher: Equinox Container: 355bdad4-2f2a-407d-ab12-890820ed0de4" daemon [_thread_blocked, id=161092, stack(0x00000023e7400000,0x00000023e7500000)]
  0x00000173afb43f80 JavaThread "Start Level: Equinox Container: 355bdad4-2f2a-407d-ab12-890820ed0de4" daemon [_thread_blocked, id=27616, stack(0x00000023e7500000,0x00000023e7600000)]
  0x00000173b04982f0 JavaThread "Bundle File Closer" daemon [_thread_blocked, id=97132, stack(0x00000023e7800000,0x00000023e7900000)]
  0x00000173b08339e0 JavaThread "SCR Component Actor" daemon [_thread_blocked, id=175968, stack(0x00000023e7900000,0x00000023e7a00000)]
  0x00000173b08bb180 JavaThread "Worker-JM" [_thread_blocked, id=8356, stack(0x00000023e7d00000,0x00000023e7e00000)]
  0x00000173b08bdf10 JavaThread "Java indexing" daemon [_thread_blocked, id=142208, stack(0x00000023e8200000,0x00000023e8300000)]
  0x00000173b08bac70 JavaThread "JNA Cleaner" daemon [_thread_blocked, id=169372, stack(0x00000023e8300000,0x00000023e8400000)]
  0x00000173b08bcad0 JavaThread "pool-2-thread-1" [_thread_blocked, id=72572, stack(0x00000023e8600000,0x00000023e8700000)]
  0x00000173b08bb690 JavaThread "WorkspaceEventsHandler" [_thread_blocked, id=118032, stack(0x00000023e8700000,0x00000023e8800000)]
  0x00000173b08bbba0 JavaThread "pool-1-thread-1" [_thread_in_native, id=105956, stack(0x00000023e8800000,0x00000023e8900000)]
  0x00000173b08bcfe0 JavaThread "Worker-2" [_thread_blocked, id=137820, stack(0x00000023e8d00000,0x00000023e8e00000)]
  0x00000173b35b01a0 JavaThread "ForkJoinPool.commonPool-worker-1" daemon [_thread_blocked, id=91840, stack(0x00000023e8a00000,0x00000023e8b00000)]
  0x00000173b35ac9f0 JavaThread "ForkJoinPool.commonPool-worker-2" daemon [_thread_blocked, id=145224, stack(0x00000023e8b00000,0x00000023e8c00000)]
  0x00000173b35afc90 JavaThread "ForkJoinPool.commonPool-worker-3" daemon [_thread_blocked, id=106028, stack(0x00000023e8c00000,0x00000023e8d00000)]
  0x00000173b35ade30 JavaThread "ForkJoinPool.commonPool-worker-4" daemon [_thread_blocked, id=141296, stack(0x00000023e9000000,0x00000023e9100000)]
  0x00000173b35ab5b0 JavaThread "ForkJoinPool.commonPool-worker-5" daemon [_thread_blocked, id=175964, stack(0x00000023e9100000,0x00000023e9200000)]
  0x00000173b35af780 JavaThread "ForkJoinPool.commonPool-worker-6" daemon [_thread_blocked, id=140828, stack(0x00000023e9200000,0x00000023e9300000)]
  0x00000173b35b2000 JavaThread "ForkJoinPool.commonPool-worker-7" daemon [_thread_blocked, id=140516, stack(0x00000023e9300000,0x00000023e9400000)]
  0x00000173b35aab90 JavaThread "ForkJoinPool.commonPool-worker-8" daemon [_thread_blocked, id=131868, stack(0x00000023e9400000,0x00000023e9500000)]
  0x00000173b35b15e0 JavaThread "ForkJoinPool.commonPool-worker-9" daemon [_thread_blocked, id=131676, stack(0x00000023e9500000,0x00000023e9600000)]
  0x00000173b35b06b0 JavaThread "ForkJoinPool.commonPool-worker-10" daemon [_thread_blocked, id=178844, stack(0x00000023e9800000,0x00000023e9900000)]
  0x00000173b35abfd0 JavaThread "ForkJoinPool.commonPool-worker-11" daemon [_thread_blocked, id=170568, stack(0x00000023e6600000,0x00000023e6700000)]
  0x00000173b35b0bc0 JavaThread "ForkJoinPool.commonPool-worker-12" daemon [_thread_blocked, id=152180, stack(0x00000023e6c00000,0x00000023e6d00000)]
  0x00000173b35abac0 JavaThread "ForkJoinPool.commonPool-worker-15" daemon [_thread_blocked, id=136712, stack(0x00000023e9900000,0x00000023e9a00000)]
  0x00000173b35ae850 JavaThread "Java Debug Server" daemon [_thread_in_native, id=129768, stack(0x00000023e6700000,0x00000023e6800000)]
  0x00000173b08bd4f0 JavaThread "RxSchedulerPurge-1" daemon [_thread_blocked, id=149680, stack(0x00000023e6b00000,0x00000023e6c00000)]
  0x00000173b08bda00 JavaThread "RxCachedWorkerPoolEvictor-1" daemon [_thread_blocked, id=21896, stack(0x00000023e7c00000,0x00000023e7d00000)]
  0x00000173b2af4b40 JavaThread "ForkJoinPool.commonPool-worker-16" daemon [_thread_blocked, id=41888, stack(0x00000023e5500000,0x00000023e5600000)]
  0x00000173b2af2ce0 JavaThread "ForkJoinPool.commonPool-worker-17" daemon [_thread_blocked, id=155816, stack(0x00000023e5600000,0x00000023e5700000)]
  0x00000173b2af6eb0 JavaThread "Worker-8" [_thread_blocked, id=166204, stack(0x00000023e5700000,0x00000023e5800000)]
  0x00000173b35aed60 JavaThread "Worker-10" [_thread_blocked, id=8272, stack(0x00000023e6500000,0x00000023e6600000)]
  0x00000173b35ad920 JavaThread "pool-1-thread-11" [_thread_blocked, id=31476, stack(0x00000023e6800000,0x00000023e6900000)]

Other Threads:
  0x0000017392346640 VMThread "VM Thread" [stack: 0x00000023e5a00000,0x00000023e5b00000] [id=141164]
  0x00000173af38f510 WatcherThread [stack: 0x00000023e6a00000,0x00000023e6b00000] [id=143376]
  0x00000173922d48d0 GCTaskThread "GC Thread#0" [stack: 0x00000023e5900000,0x00000023e5a00000] [id=56948]
  0x00000173af7804f0 GCTaskThread "GC Thread#1" [stack: 0x00000023e6e00000,0x00000023e6f00000] [id=157148]
  0x00000173af8a5290 GCTaskThread "GC Thread#2" [stack: 0x00000023e6f00000,0x00000023e7000000] [id=168280]
  0x00000173af896340 GCTaskThread "GC Thread#3" [stack: 0x00000023e7000000,0x00000023e7100000] [id=39984]
  0x00000173af896600 GCTaskThread "GC Thread#4" [stack: 0x00000023e7100000,0x00000023e7200000] [id=84760]
  0x00000173af8968c0 GCTaskThread "GC Thread#5" [stack: 0x00000023e7200000,0x00000023e7300000] [id=158632]
  0x00000173aff52d50 GCTaskThread "GC Thread#6" [stack: 0x00000023e7600000,0x00000023e7700000] [id=146456]
  0x00000173af751db0 GCTaskThread "GC Thread#7" [stack: 0x00000023e7700000,0x00000023e7800000] [id=79700]
  0x00000173afc15f60 GCTaskThread "GC Thread#8" [stack: 0x00000023e7a00000,0x00000023e7b00000] [id=133200]
  0x00000173b04f6c70 GCTaskThread "GC Thread#9" [stack: 0x00000023e7b00000,0x00000023e7c00000] [id=38288]
=>0x00000173b0883790 GCTaskThread "GC Thread#10" [stack: 0x00000023e6d00000,0x00000023e6e00000] [id=144884]
  0x00000173b0643220 GCTaskThread "GC Thread#11" [stack: 0x00000023e7e00000,0x00000023e7f00000] [id=138404]
  0x00000173b087d450 GCTaskThread "GC Thread#12" [stack: 0x00000023e8100000,0x00000023e8200000] [id=115472]

Threads with active compile tasks:

VM state: at safepoint (normal execution)

VM Mutex/Monitor currently owned by a thread:  ([mutex/lock_event])
[0x00000173922b8ad0] Threads_lock - owner thread: 0x0000017392346640
[0x00000173922ba390] Heap_lock - owner thread: 0x00000173b35b15e0

Heap address: 0x00000000c0000000, size: 1024 MB, Compressed Oops mode: 32-bit

CDS archive(s) not mapped
Compressed class space mapped at: 0x0000000100000000-0x0000000140000000, reserved size: 1073741824
Narrow klass base: 0x0000000000000000, Narrow klass shift: 3, Narrow klass range: 0x140000000

GC Precious Log:
 CPUs: 16 total, 16 available
 Memory: 32701M
 Large Page Support: Disabled
 NUMA Support: Disabled
 Compressed Oops: Enabled (32-bit)
 Alignments: Space 512K, Generation 512K, Heap 2M
 Heap Min Capacity: 100M
 Heap Initial Capacity: 100M
 Heap Max Capacity: 1G
 Pre-touch: Disabled
 Parallel Workers: 13

Heap:
 PSYoungGen      total 3584K, used 3214K [0x00000000eab00000, 0x00000000eb100000, 0x0000000100000000)
  eden space 1536K, 100% used [0x00000000eab00000,0x00000000eac80000,0x00000000eac80000)
  from space 2048K, 81% used [0x00000000eac80000,0x00000000eae239d0,0x00000000eae80000)
  to   space 2048K, 81% used [0x00000000eaf00000,0x00000000eb0a39d0,0x00000000eb100000)
 ParOldGen       total 139264K, used 119982K [0x00000000c0000000, 0x00000000c8800000, 0x00000000eab00000)
  object space 139264K, 86% used [0x00000000c0000000,0x00000000c752bbf0,0x00000000c8800000)
 Metaspace       used 92904K, committed 94336K, reserved 1179648K
  class space    used 9337K, committed 10048K, reserved 1048576K

Card table byte_map: [0x00000173a5920000,0x00000173a5b30000] _byte_map_base: 0x00000173a5320000

Marking Bits: (ParMarkBitMap*) 0x00007ff88421d0b0
 Begin Bits: [0x00000173a5c90000, 0x00000173a6c90000)
 End Bits:   [0x00000173a6c90000, 0x00000173a7c90000)

Polling page: 0x0000017396710000

Metaspace:

Usage:
  Non-class:     81.61 MB used.
      Class:      9.12 MB used.
       Both:     90.73 MB used.

Virtual space:
  Non-class space:      128.00 MB reserved,      82.31 MB ( 64%) committed,  2 nodes.
      Class space:        1.00 GB reserved,       9.81 MB ( <1%) committed,  1 nodes.
             Both:        1.12 GB reserved,      92.12 MB (  8%) committed. 

Chunk freelists:
   Non-Class:  12.94 MB
       Class:  6.27 MB
        Both:  19.21 MB

MaxMetaspaceSize: unlimited
CompressedClassSpaceSize: 1.00 GB
Initial GC threshold: 21.00 MB
Current GC threshold: 153.56 MB
CDS: off
MetaspaceReclaimPolicy: balanced
 - commit_granule_bytes: 65536.
 - commit_granule_words: 8192.
 - virtual_space_node_default_size: 8388608.
 - enlarge_chunks_in_place: 1.
 - new_chunks_are_fully_committed: 0.
 - uncommit_free_chunks: 1.
 - use_allocation_guard: 0.
 - handle_deallocations: 1.


Internal statistics:

num_allocs_failed_limit: 9.
num_arena_births: 914.
num_arena_deaths: 266.
num_vsnodes_births: 3.
num_vsnodes_deaths: 0.
num_space_committed: 1474.
num_space_uncommitted: 0.
num_chunks_returned_to_freelist: 311.
num_chunks_taken_from_freelist: 4780.
num_chunk_merges: 124.
num_chunk_splits: 2968.
num_chunks_enlarged: 1773.
num_inconsistent_stats: 0.

CodeHeap 'non-profiled nmethods': size=119168Kb used=19351Kb max_used=19351Kb free=99816Kb
 bounds [0x000001739e2d0000, 0x000001739f5c0000, 0x00000173a5730000]
CodeHeap 'profiled nmethods': size=119104Kb used=39189Kb max_used=39189Kb free=79914Kb
 bounds [0x0000017396730000, 0x0000017398d80000, 0x000001739db80000]
CodeHeap 'non-nmethods': size=7488Kb used=1436Kb max_used=3254Kb free=6051Kb
 bounds [0x000001739db80000, 0x000001739dec0000, 0x000001739e2d0000]
 total_blobs=17942 nmethods=17155 adapters=696
 compilation: enabled
              stopped_count=0, restarted_count=0
 full_count=0

Compilation events (20 events):
Event: 1356.964 Thread 0x00000173ad43b5f0 22436       3       org.eclipse.jdt.internal.core.search.indexing.QualifierQuery$QueryCategory$$Lambda$778/0x000000010084f140::apply (5 bytes)
Event: 1356.964 Thread 0x00000173ad43b5f0 nmethod 22436 0x0000017398d78b10 code [0x0000017398d78ca0, 0x0000017398d78e98]
Event: 1356.964 Thread 0x00000173ad43b5f0 22437       3       org.eclipse.jdt.internal.core.search.indexing.QualifierQuery$QueryCategory::lambda$1 (5 bytes)
Event: 1356.964 Thread 0x00000173ad43b5f0 nmethod 22437 0x0000017398d78f90 code [0x0000017398d79120, 0x0000017398d79298]
Event: 1356.964 Thread 0x00000173ad43b5f0 22438       3       org.eclipse.jdt.internal.core.search.indexing.QualifierQuery$QueryCategory$$Lambda$777/0x000000010084ef08::apply (8 bytes)
Event: 1356.964 Thread 0x00000173ad43b5f0 nmethod 22438 0x0000017398d79390 code [0x0000017398d79560, 0x0000017398d79a18]
Event: 1356.967 Thread 0x00000173ad43b5f0 22439       3       org.eclipse.jdt.internal.core.index.MetaIndex::getIndexesNotInMeta (114 bytes)
Event: 1356.969 Thread 0x00000173ad43b5f0 nmethod 22439 0x0000017398d79b90 code [0x0000017398d79f60, 0x0000017398d7bac8]
Event: 1356.969 Thread 0x00000173ad43b5f0 22440       3       org.eclipse.jdt.internal.core.search.indexing.IndexManager$$Lambda$783/0x000000010084fc68::<init> (10 bytes)
Event: 1356.969 Thread 0x00000173ad43b5f0 nmethod 22440 0x0000017398d7c490 code [0x0000017398d7c620, 0x0000017398d7c798]
Event: 1356.969 Thread 0x00000173ad43b5f0 22441       3       java.util.stream.StreamSpliterators$AbstractWrappingSpliterator::estimateSize (27 bytes)
Event: 1356.969 Thread 0x00000173ad43b5f0 nmethod 22441 0x0000017398d7c890 code [0x0000017398d7ca80, 0x0000017398d7d068]
Event: 1356.969 Thread 0x00000173ad43b5f0 22442       3       java.util.stream.StreamSpliterators$AbstractWrappingSpliterator::getExactSizeIfKnown (16 bytes)
Event: 1356.969 Thread 0x00000173ad43b5f0 nmethod 22442 0x0000017398d7d210 code [0x0000017398d7d3e0, 0x0000017398d7d858]
Event: 1356.969 Thread 0x00000173ad43b5f0 22443       3       java.util.stream.StreamSpliterators$WrappingSpliterator::forEachRemaining (63 bytes)
Event: 1356.969 Thread 0x00000173ad43b5f0 nmethod 22443 0x0000017398d7d990 code [0x0000017398d7dc20, 0x0000017398d7e9f8]
Event: 1356.969 Thread 0x00000173ad43b5f0 22444       3       java.util.stream.StreamSpliterators$WrappingSpliterator$$Lambda$784/0x0000000100748920::<init> (10 bytes)
Event: 1356.969 Thread 0x00000173ad43b5f0 nmethod 22444 0x0000017398d7ee10 code [0x0000017398d7efa0, 0x0000017398d7f118]
Event: 1356.969 Thread 0x00000173ad43b5f0 22445       3       org.eclipse.jdt.internal.core.index.MetaIndex::stopQuery (26 bytes)
Event: 1356.969 Thread 0x00000173ad43b5f0 nmethod 22445 0x0000017398d7f210 code [0x0000017398d7f3c0, 0x0000017398d7f728]

GC Heap History (20 events):
Event: 1356.498 GC heap after
{Heap after GC invocations=4685 (full 74):
 PSYoungGen      total 1536K, used 1024K [0x00000000eab00000, 0x00000000eb300000, 0x0000000100000000)
  eden space 512K, 0% used [0x00000000eab00000,0x00000000eab00000,0x00000000eab80000)
  from space 1024K, 100% used [0x00000000eae80000,0x00000000eaf80000,0x00000000eaf80000)
  to   space 3072K, 0% used [0x00000000eab80000,0x00000000eab80000,0x00000000eae80000)
 ParOldGen       total 139264K, used 111968K [0x00000000c0000000, 0x00000000c8800000, 0x00000000eab00000)
  object space 139264K, 80% used [0x00000000c0000000,0x00000000c6d58300,0x00000000c8800000)
 Metaspace       used 92887K, committed 94336K, reserved 1179648K
  class space    used 9335K, committed 10048K, reserved 1048576K
}
Event: 1356.499 GC heap before
{Heap before GC invocations=4686 (full 74):
 PSYoungGen      total 1536K, used 1536K [0x00000000eab00000, 0x00000000eb300000, 0x0000000100000000)
  eden space 512K, 100% used [0x00000000eab00000,0x00000000eab80000,0x00000000eab80000)
  from space 1024K, 100% used [0x00000000eae80000,0x00000000eaf80000,0x00000000eaf80000)
  to   space 3072K, 0% used [0x00000000eab80000,0x00000000eab80000,0x00000000eae80000)
 ParOldGen       total 139264K, used 111968K [0x00000000c0000000, 0x00000000c8800000, 0x00000000eab00000)
  object space 139264K, 80% used [0x00000000c0000000,0x00000000c6d58300,0x00000000c8800000)
 Metaspace       used 92887K, committed 94336K, reserved 1179648K
  class space    used 9335K, committed 10048K, reserved 1048576K
}
Event: 1356.500 GC heap after
{Heap after GC invocations=4686 (full 74):
 PSYoungGen      total 1536K, used 672K [0x00000000eab00000, 0x00000000eaf00000, 0x0000000100000000)
  eden space 512K, 0% used [0x00000000eab00000,0x00000000eab00000,0x00000000eab80000)
  from space 1024K, 65% used [0x00000000eab80000,0x00000000eac28000,0x00000000eac80000)
  to   space 1536K, 0% used [0x00000000ead80000,0x00000000ead80000,0x00000000eaf00000)
 ParOldGen       total 139264K, used 113064K [0x00000000c0000000, 0x00000000c8800000, 0x00000000eab00000)
  object space 139264K, 81% used [0x00000000c0000000,0x00000000c6e6a300,0x00000000c8800000)
 Metaspace       used 92887K, committed 94336K, reserved 1179648K
  class space    used 9335K, committed 10048K, reserved 1048576K
}
Event: 1356.501 GC heap before
{Heap before GC invocations=4687 (full 74):
 PSYoungGen      total 1536K, used 1184K [0x00000000eab00000, 0x00000000eaf00000, 0x0000000100000000)
  eden space 512K, 100% used [0x00000000eab00000,0x00000000eab80000,0x00000000eab80000)
  from space 1024K, 65% used [0x00000000eab80000,0x00000000eac28000,0x00000000eac80000)
  to   space 1536K, 0% used [0x00000000ead80000,0x00000000ead80000,0x00000000eaf00000)
 ParOldGen       total 139264K, used 113064K [0x00000000c0000000, 0x00000000c8800000, 0x00000000eab00000)
  object space 139264K, 81% used [0x00000000c0000000,0x00000000c6e6a300,0x00000000c8800000)
 Metaspace       used 92887K, committed 94336K, reserved 1179648K
  class space    used 9335K, committed 10048K, reserved 1048576K
}
Event: 1356.501 GC heap after
{Heap after GC invocations=4687 (full 74):
 PSYoungGen      total 2048K, used 640K [0x00000000eab00000, 0x00000000eae80000, 0x0000000100000000)
  eden space 1024K, 0% used [0x00000000eab00000,0x00000000eab00000,0x00000000eac00000)
  from space 1024K, 62% used [0x00000000ead80000,0x00000000eae20000,0x00000000eae80000)
  to   space 1024K, 0% used [0x00000000eac80000,0x00000000eac80000,0x00000000ead80000)
 ParOldGen       total 139264K, used 113600K [0x00000000c0000000, 0x00000000c8800000, 0x00000000eab00000)
  object space 139264K, 81% used [0x00000000c0000000,0x00000000c6ef0300,0x00000000c8800000)
 Metaspace       used 92887K, committed 94336K, reserved 1179648K
  class space    used 9335K, committed 10048K, reserved 1048576K
}
Event: 1356.503 GC heap before
{Heap before GC invocations=4688 (full 74):
 PSYoungGen      total 2048K, used 1664K [0x00000000eab00000, 0x00000000eae80000, 0x0000000100000000)
  eden space 1024K, 100% used [0x00000000eab00000,0x00000000eac00000,0x00000000eac00000)
  from space 1024K, 62% used [0x00000000ead80000,0x00000000eae20000,0x00000000eae80000)
  to   space 1024K, 0% used [0x00000000eac80000,0x00000000eac80000,0x00000000ead80000)
 ParOldGen       total 139264K, used 113600K [0x00000000c0000000, 0x00000000c8800000, 0x00000000eab00000)
  object space 139264K, 81% used [0x00000000c0000000,0x00000000c6ef0300,0x00000000c8800000)
 Metaspace       used 92887K, committed 94336K, reserved 1179648K
  class space    used 9335K, committed 10048K, reserved 1048576K
}
Event: 1356.504 GC heap after
{Heap after GC invocations=4688 (full 74):
 PSYoungGen      total 2560K, used 1024K [0x00000000eab00000, 0x00000000eb080000, 0x0000000100000000)
  eden space 1536K, 0% used [0x00000000eab00000,0x00000000eab00000,0x00000000eac80000)
  from space 1024K, 100% used [0x00000000eac80000,0x00000000ead80000,0x00000000ead80000)
  to   space 2048K, 0% used [0x00000000eae80000,0x00000000eae80000,0x00000000eb080000)
 ParOldGen       total 139264K, used 114160K [0x00000000c0000000, 0x00000000c8800000, 0x00000000eab00000)
  object space 139264K, 81% used [0x00000000c0000000,0x00000000c6f7c300,0x00000000c8800000)
 Metaspace       used 92887K, committed 94336K, reserved 1179648K
  class space    used 9335K, committed 10048K, reserved 1048576K
}
Event: 1356.506 GC heap before
{Heap before GC invocations=4689 (full 74):
 PSYoungGen      total 2560K, used 2560K [0x00000000eab00000, 0x00000000eb080000, 0x0000000100000000)
  eden space 1536K, 100% used [0x00000000eab00000,0x00000000eac80000,0x00000000eac80000)
  from space 1024K, 100% used [0x00000000eac80000,0x00000000ead80000,0x00000000ead80000)
  to   space 2048K, 0% used [0x00000000eae80000,0x00000000eae80000,0x00000000eb080000)
 ParOldGen       total 139264K, used 114160K [0x00000000c0000000, 0x00000000c8800000, 0x00000000eab00000)
  object space 139264K, 81% used [0x00000000c0000000,0x00000000c6f7c300,0x00000000c8800000)
 Metaspace       used 92887K, committed 94336K, reserved 1179648K
  class space    used 9335K, committed 10048K, reserved 1048576K
}
Event: 1356.507 GC heap after
{Heap after GC invocations=4689 (full 74):
 PSYoungGen      total 3584K, used 896K [0x00000000eab00000, 0x00000000eb000000, 0x0000000100000000)
  eden space 2048K, 0% used [0x00000000eab00000,0x00000000eab00000,0x00000000ead00000)
  from space 1536K, 58% used [0x00000000eae80000,0x00000000eaf60000,0x00000000eb000000)
  to   space 1536K, 0% used [0x00000000ead00000,0x00000000ead00000,0x00000000eae80000)
 ParOldGen       total 139264K, used 115176K [0x00000000c0000000, 0x00000000c8800000, 0x00000000eab00000)
  object space 139264K, 82% used [0x00000000c0000000,0x00000000c707a300,0x00000000c8800000)
 Metaspace       used 92887K, committed 94336K, reserved 1179648K
  class space    used 9335K, committed 10048K, reserved 1048576K
}
Event: 1356.593 GC heap before
{Heap before GC invocations=4690 (full 74):
 PSYoungGen      total 3584K, used 2944K [0x00000000eab00000, 0x00000000eb000000, 0x0000000100000000)
  eden space 2048K, 100% used [0x00000000eab00000,0x00000000ead00000,0x00000000ead00000)
  from space 1536K, 58% used [0x00000000eae80000,0x00000000eaf60000,0x00000000eb000000)
  to   space 1536K, 0% used [0x00000000ead00000,0x00000000ead00000,0x00000000eae80000)
 ParOldGen       total 139264K, used 115176K [0x00000000c0000000, 0x00000000c8800000, 0x00000000eab00000)
  object space 139264K, 82% used [0x00000000c0000000,0x00000000c707a300,0x00000000c8800000)
 Metaspace       used 92887K, committed 94336K, reserved 1179648K
  class space    used 9335K, committed 10048K, reserved 1048576K
}
Event: 1356.593 GC heap after
{Heap after GC invocations=4690 (full 74):
 PSYoungGen      total 3584K, used 592K [0x00000000eab00000, 0x00000000eaf80000, 0x0000000100000000)
  eden space 2048K, 0% used [0x00000000eab00000,0x00000000eab00000,0x00000000ead00000)
  from space 1536K, 38% used [0x00000000ead00000,0x00000000ead94010,0x00000000eae80000)
  to   space 1024K, 0% used [0x00000000eae80000,0x00000000eae80000,0x00000000eaf80000)
 ParOldGen       total 139264K, used 115799K [0x00000000c0000000, 0x00000000c8800000, 0x00000000eab00000)
  object space 139264K, 83% used [0x00000000c0000000,0x00000000c7115d40,0x00000000c8800000)
 Metaspace       used 92887K, committed 94336K, reserved 1179648K
  class space    used 9335K, committed 10048K, reserved 1048576K
}
Event: 1356.596 GC heap before
{Heap before GC invocations=4691 (full 74):
 PSYoungGen      total 3584K, used 2640K [0x00000000eab00000, 0x00000000eaf80000, 0x0000000100000000)
  eden space 2048K, 100% used [0x00000000eab00000,0x00000000ead00000,0x00000000ead00000)
  from space 1536K, 38% used [0x00000000ead00000,0x00000000ead94010,0x00000000eae80000)
  to   space 1024K, 0% used [0x00000000eae80000,0x00000000eae80000,0x00000000eaf80000)
 ParOldGen       total 139264K, used 115799K [0x00000000c0000000, 0x00000000c8800000, 0x00000000eab00000)
  object space 139264K, 83% used [0x00000000c0000000,0x00000000c7115d40,0x00000000c8800000)
 Metaspace       used 92887K, committed 94336K, reserved 1179648K
  class space    used 9335K, committed 10048K, reserved 1048576K
}
Event: 1356.596 GC heap after
{Heap after GC invocations=4691 (full 74):
 PSYoungGen      total 3584K, used 624K [0x00000000eab00000, 0x00000000eaf80000, 0x0000000100000000)
  eden space 2560K, 0% used [0x00000000eab00000,0x00000000eab00000,0x00000000ead80000)
  from space 1024K, 60% used [0x00000000eae80000,0x00000000eaf1c010,0x00000000eaf80000)
  to   space 1024K, 0% used [0x00000000ead80000,0x00000000ead80000,0x00000000eae80000)
 ParOldGen       total 139264K, used 116260K [0x00000000c0000000, 0x00000000c8800000, 0x00000000eab00000)
  object space 139264K, 83% used [0x00000000c0000000,0x00000000c71891e0,0x00000000c8800000)
 Metaspace       used 92887K, committed 94336K, reserved 1179648K
  class space    used 9335K, committed 10048K, reserved 1048576K
}
Event: 1356.960 GC heap before
{Heap before GC invocations=4692 (full 74):
 PSYoungGen      total 3584K, used 3184K [0x00000000eab00000, 0x00000000eaf80000, 0x0000000100000000)
  eden space 2560K, 100% used [0x00000000eab00000,0x00000000ead80000,0x00000000ead80000)
  from space 1024K, 60% used [0x00000000eae80000,0x00000000eaf1c010,0x00000000eaf80000)
  to   space 1024K, 0% used [0x00000000ead80000,0x00000000ead80000,0x00000000eae80000)
 ParOldGen       total 139264K, used 116260K [0x00000000c0000000, 0x00000000c8800000, 0x00000000eab00000)
  object space 139264K, 83% used [0x00000000c0000000,0x00000000c71891e0,0x00000000c8800000)
 Metaspace       used 92894K, committed 94336K, reserved 1179648K
  class space    used 9337K, committed 10048K, reserved 1048576K
}
Event: 1356.961 GC heap after
{Heap after GC invocations=4692 (full 74):
 PSYoungGen      total 3584K, used 384K [0x00000000eab00000, 0x00000000eaf00000, 0x0000000100000000)
  eden space 2560K, 0% used [0x00000000eab00000,0x00000000eab00000,0x00000000ead80000)
  from space 1024K, 37% used [0x00000000ead80000,0x00000000eade0000,0x00000000eae80000)
  to   space 512K, 0% used [0x00000000eae80000,0x00000000eae80000,0x00000000eaf00000)
 ParOldGen       total 139264K, used 116681K [0x00000000c0000000, 0x00000000c8800000, 0x00000000eab00000)
  object space 139264K, 83% used [0x00000000c0000000,0x00000000c71f2680,0x00000000c8800000)
 Metaspace       used 92894K, committed 94336K, reserved 1179648K
  class space    used 9337K, committed 10048K, reserved 1048576K
}
Event: 1356.965 GC heap before
{Heap before GC invocations=4693 (full 74):
 PSYoungGen      total 3584K, used 2944K [0x00000000eab00000, 0x00000000eaf00000, 0x0000000100000000)
  eden space 2560K, 100% used [0x00000000eab00000,0x00000000ead80000,0x00000000ead80000)
  from space 1024K, 37% used [0x00000000ead80000,0x00000000eade0000,0x00000000eae80000)
  to   space 512K, 0% used [0x00000000eae80000,0x00000000eae80000,0x00000000eaf00000)
 ParOldGen       total 139264K, used 116681K [0x00000000c0000000, 0x00000000c8800000, 0x00000000eab00000)
  object space 139264K, 83% used [0x00000000c0000000,0x00000000c71f2680,0x00000000c8800000)
 Metaspace       used 92899K, committed 94336K, reserved 1179648K
  class space    used 9337K, committed 10048K, reserved 1048576K
}
Event: 1356.965 GC heap after
{Heap after GC invocations=4693 (full 74):
 PSYoungGen      total 2048K, used 504K [0x00000000eab00000, 0x00000000eb200000, 0x0000000100000000)
  eden space 1536K, 0% used [0x00000000eab00000,0x00000000eab00000,0x00000000eac80000)
  from space 512K, 98% used [0x00000000eae80000,0x00000000eaefe160,0x00000000eaf00000)
  to   space 2048K, 0% used [0x00000000eac80000,0x00000000eac80000,0x00000000eae80000)
 ParOldGen       total 139264K, used 117953K [0x00000000c0000000, 0x00000000c8800000, 0x00000000eab00000)
  object space 139264K, 84% used [0x00000000c0000000,0x00000000c7330680,0x00000000c8800000)
 Metaspace       used 92899K, committed 94336K, reserved 1179648K
  class space    used 9337K, committed 10048K, reserved 1048576K
}
Event: 1356.968 GC heap before
{Heap before GC invocations=4694 (full 74):
 PSYoungGen      total 2048K, used 1982K [0x00000000eab00000, 0x00000000eb200000, 0x0000000100000000)
  eden space 1536K, 96% used [0x00000000eab00000,0x00000000eac71920,0x00000000eac80000)
  from space 512K, 98% used [0x00000000eae80000,0x00000000eaefe160,0x00000000eaf00000)
  to   space 2048K, 0% used [0x00000000eac80000,0x00000000eac80000,0x00000000eae80000)
 ParOldGen       total 139264K, used 117953K [0x00000000c0000000, 0x00000000c8800000, 0x00000000eab00000)
  object space 139264K, 84% used [0x00000000c0000000,0x00000000c7330680,0x00000000c8800000)
 Metaspace       used 92902K, committed 94336K, reserved 1179648K
  class space    used 9337K, committed 10048K, reserved 1048576K
}
Event: 1356.968 GC heap after
{Heap after GC invocations=4694 (full 74):
 PSYoungGen      total 3584K, used 1678K [0x00000000eab00000, 0x00000000eb100000, 0x0000000100000000)
  eden space 1536K, 0% used [0x00000000eab00000,0x00000000eab00000,0x00000000eac80000)
  from space 2048K, 81% used [0x00000000eac80000,0x00000000eae239d0,0x00000000eae80000)
  to   space 2048K, 0% used [0x00000000eaf00000,0x00000000eaf00000,0x00000000eb100000)
 ParOldGen       total 139264K, used 118504K [0x00000000c0000000, 0x00000000c8800000, 0x00000000eab00000)
  object space 139264K, 85% used [0x00000000c0000000,0x00000000c73ba220,0x00000000c8800000)
 Metaspace       used 92902K, committed 94336K, reserved 1179648K
  class space    used 9337K, committed 10048K, reserved 1048576K
}
Event: 1356.970 GC heap before
{Heap before GC invocations=4695 (full 74):
 PSYoungGen      total 3584K, used 3214K [0x00000000eab00000, 0x00000000eb100000, 0x0000000100000000)
  eden space 1536K, 100% used [0x00000000eab00000,0x00000000eac80000,0x00000000eac80000)
  from space 2048K, 81% used [0x00000000eac80000,0x00000000eae239d0,0x00000000eae80000)
  to   space 2048K, 0% used [0x00000000eaf00000,0x00000000eaf00000,0x00000000eb100000)
 ParOldGen       total 139264K, used 118504K [0x00000000c0000000, 0x00000000c8800000, 0x00000000eab00000)
  object space 139264K, 85% used [0x00000000c0000000,0x00000000c73ba220,0x00000000c8800000)
 Metaspace       used 92904K, committed 94336K, reserved 1179648K
  class space    used 9337K, committed 10048K, reserved 1048576K
}

Dll operation events (13 events):
Event: 0.004 Loaded shared library c:\Users\Jon\.vscode\extensions\redhat.java-1.25.1-win32-x64\jre\17.0.9-win32-x86_64\bin\java.dll
Event: 0.076 Loaded shared library c:\Users\Jon\.vscode\extensions\redhat.java-1.25.1-win32-x64\jre\17.0.9-win32-x86_64\bin\zip.dll
Event: 0.078 Loaded shared library C:\Users\Jon\.vscode\extensions\redhat.java-1.25.1-win32-x64\jre\17.0.9-win32-x86_64\bin\instrument.dll
Event: 0.085 Loaded shared library C:\Users\Jon\.vscode\extensions\redhat.java-1.25.1-win32-x64\jre\17.0.9-win32-x86_64\bin\net.dll
Event: 0.086 Loaded shared library C:\Users\Jon\.vscode\extensions\redhat.java-1.25.1-win32-x64\jre\17.0.9-win32-x86_64\bin\nio.dll
Event: 0.090 Loaded shared library C:\Users\Jon\.vscode\extensions\redhat.java-1.25.1-win32-x64\jre\17.0.9-win32-x86_64\bin\zip.dll
Event: 0.099 Loaded shared library C:\Users\Jon\.vscode\extensions\redhat.java-1.25.1-win32-x64\jre\17.0.9-win32-x86_64\bin\jimage.dll
Event: 0.133 Loaded shared library c:\Users\Jon\.vscode\extensions\redhat.java-1.25.1-win32-x64\jre\17.0.9-win32-x86_64\bin\verify.dll
Event: 0.626 Loaded shared library C:\Users\Jon\AppData\Roaming\Code\User\globalStorage\redhat.java\1.25.1\config_win\org.eclipse.equinox.launcher\org.eclipse.equinox.launcher.win32.win32.x86_64_1.2.800.v20231003-1442\eclipse_11802.dll
Event: 1.174 Loaded shared library C:\Users\Jon\.vscode\extensions\redhat.java-1.25.1-win32-x64\jre\17.0.9-win32-x86_64\bin\management.dll
Event: 1.176 Loaded shared library C:\Users\Jon\.vscode\extensions\redhat.java-1.25.1-win32-x64\jre\17.0.9-win32-x86_64\bin\management_ext.dll
Event: 1.753 Loaded shared library C:\Users\Jon\AppData\Local\Temp\jna-74665\jna11066200405205200548.dll
Event: 352.150 Loaded shared library C:\Users\Jon\.vscode\extensions\redhat.java-1.25.1-win32-x64\jre\17.0.9-win32-x86_64\bin\sunmscapi.dll

Deoptimization events (20 events):
Event: 1341.843 Thread 0x00000173b08bcfe0 DEOPT PACKING pc=0x000001739f4a8780 sp=0x00000023e8dfeb00
Event: 1341.843 Thread 0x00000173b08bcfe0 DEOPT UNPACKING pc=0x000001739dbd66a3 sp=0x00000023e8dfeac8 mode 2
Event: 1342.234 Thread 0x00000173b08bbba0 Uncommon trap: trap_request=0xffffff45 fr.pc=0x000001739ee263f4 relative=0x00000000000005f4
Event: 1342.234 Thread 0x00000173b08bbba0 Uncommon trap: reason=unstable_if action=reinterpret pc=0x000001739ee263f4 method=org.eclipse.jdt.internal.compiler.lookup.Scope.getBaseType([C)Lorg/eclipse/jdt/internal/compiler/lookup/TypeBinding; @ 127 c2
Event: 1342.234 Thread 0x00000173b08bbba0 DEOPT PACKING pc=0x000001739ee263f4 sp=0x00000023e88fe1a0
Event: 1342.234 Thread 0x00000173b08bbba0 DEOPT UNPACKING pc=0x000001739dbd66a3 sp=0x00000023e88fe128 mode 2
Event: 1342.243 Thread 0x00000173b08bbba0 Uncommon trap: trap_request=0xffffff45 fr.pc=0x000001739f2e9124 relative=0x00000000000005a4
Event: 1342.243 Thread 0x00000173b08bbba0 Uncommon trap: reason=unstable_if action=reinterpret pc=0x000001739f2e9124 method=org.eclipse.jdt.core.dom.ASTConverter.isPrimitiveType([C)Z @ 408 c2
Event: 1342.243 Thread 0x00000173b08bbba0 DEOPT PACKING pc=0x000001739f2e9124 sp=0x00000023e88fd880
Event: 1342.243 Thread 0x00000173b08bbba0 DEOPT UNPACKING pc=0x000001739dbd66a3 sp=0x00000023e88fd808 mode 2
Event: 1342.537 Thread 0x00000173b35b15e0 Uncommon trap: trap_request=0xffffff45 fr.pc=0x000001739ea86e04 relative=0x0000000000000084
Event: 1342.537 Thread 0x00000173b35b15e0 Uncommon trap: reason=unstable_if action=reinterpret pc=0x000001739ea86e04 method=org.eclipse.jdt.core.dom.TypeBinding.isRecovered()Z @ 13 c2
Event: 1342.537 Thread 0x00000173b35b15e0 DEOPT PACKING pc=0x000001739ea86e04 sp=0x00000023e95fe310
Event: 1342.537 Thread 0x00000173b35b15e0 DEOPT UNPACKING pc=0x000001739dbd66a3 sp=0x00000023e95fe298 mode 2
Event: 1345.910 Thread 0x00000173b35ad920 DEOPT PACKING pc=0x00000173984886c7 sp=0x00000023e68fe3d0
Event: 1345.910 Thread 0x00000173b35ad920 DEOPT UNPACKING pc=0x000001739dbd6e43 sp=0x00000023e68fd8f8 mode 0
Event: 1353.564 Thread 0x00000173b2af2ce0 Uncommon trap: trap_request=0xffffff45 fr.pc=0x000001739f4fd488 relative=0x0000000000004b08
Event: 1353.564 Thread 0x00000173b2af2ce0 Uncommon trap: reason=unstable_if action=reinterpret pc=0x000001739f4fd488 method=org.eclipse.jdt.internal.compiler.parser.diagnose.DiagnoseParser.diagnoseParse0(Z)V @ 1108 c2
Event: 1353.564 Thread 0x00000173b2af2ce0 DEOPT PACKING pc=0x000001739f4fd488 sp=0x00000023e56fddd0
Event: 1353.564 Thread 0x00000173b2af2ce0 DEOPT UNPACKING pc=0x000001739dbd66a3 sp=0x00000023e56fdd50 mode 2

Classes unloaded (20 events):
Event: 1089.768 Thread 0x0000017392346640 Unloading class 0x00000001001b5400 'java/lang/invoke/LambdaForm$MH+0x00000001001b5400'
Event: 1089.768 Thread 0x0000017392346640 Unloading class 0x00000001001b5000 'java/lang/invoke/LambdaForm$MH+0x00000001001b5000'
Event: 1089.768 Thread 0x0000017392346640 Unloading class 0x00000001001b4c00 'java/lang/invoke/LambdaForm$MH+0x00000001001b4c00'
Event: 1089.768 Thread 0x0000017392346640 Unloading class 0x00000001001b4800 'java/lang/invoke/LambdaForm$MH+0x00000001001b4800'
Event: 1089.768 Thread 0x0000017392346640 Unloading class 0x00000001001b4400 'java/lang/invoke/LambdaForm$MH+0x00000001001b4400'
Event: 1089.768 Thread 0x0000017392346640 Unloading class 0x00000001001b4000 'java/lang/invoke/LambdaForm$MH+0x00000001001b4000'
Event: 1132.486 Thread 0x0000017392346640 Unloading class 0x0000000100268000 'java/lang/invoke/LambdaForm$MH+0x0000000100268000'
Event: 1132.486 Thread 0x0000017392346640 Unloading class 0x0000000100265c00 'java/lang/invoke/LambdaForm$MH+0x0000000100265c00'
Event: 1132.486 Thread 0x0000017392346640 Unloading class 0x0000000100265400 'java/lang/invoke/LambdaForm$MH+0x0000000100265400'
Event: 1338.213 Thread 0x0000017392346640 Unloading class 0x0000000100984400 'jdk/internal/reflect/GeneratedConstructorAccessor58'
Event: 1338.213 Thread 0x0000017392346640 Unloading class 0x000000010095d000 'jdk/internal/reflect/GeneratedConstructorAccessor56'
Event: 1338.213 Thread 0x0000017392346640 Unloading class 0x000000010095c800 'jdk/internal/reflect/GeneratedConstructorAccessor54'
Event: 1338.213 Thread 0x0000017392346640 Unloading class 0x000000010095c400 'jdk/internal/reflect/GeneratedConstructorAccessor53'
Event: 1338.213 Thread 0x0000017392346640 Unloading class 0x000000010095c000 'jdk/internal/reflect/GeneratedConstructorAccessor52'
Event: 1338.213 Thread 0x0000017392346640 Unloading class 0x000000010066d800 'java/lang/invoke/LambdaForm$MH+0x000000010066d800'
Event: 1338.213 Thread 0x0000017392346640 Unloading class 0x000000010066d400 'java/lang/invoke/LambdaForm$MH+0x000000010066d400'
Event: 1338.213 Thread 0x0000017392346640 Unloading class 0x000000010066d000 'java/lang/invoke/LambdaForm$MH+0x000000010066d000'
Event: 1338.213 Thread 0x0000017392346640 Unloading class 0x000000010066cc00 'java/lang/invoke/LambdaForm$MH+0x000000010066cc00'
Event: 1338.213 Thread 0x0000017392346640 Unloading class 0x000000010066c800 'java/lang/invoke/LambdaForm$MH+0x000000010066c800'
Event: 1338.213 Thread 0x0000017392346640 Unloading class 0x000000010066c400 'java/lang/invoke/LambdaForm$MH+0x000000010066c400'

Classes redefined (0 events):
No events

Internal exceptions (20 events):
Event: 1343.542 Thread 0x00000173b08bbba0 Exception <a 'java/lang/ArrayIndexOutOfBoundsException'{0x00000000eab99170}> (0x00000000eab99170) 
thrown [s\src\hotspot\share\runtime\sharedRuntime.cpp, line 631]
Event: 1343.542 Thread 0x00000173b08bbba0 Exception <a 'java/lang/ArrayIndexOutOfBoundsException'{0x00000000eab994e0}> (0x00000000eab994e0) 
thrown [s\src\hotspot\share\runtime\sharedRuntime.cpp, line 631]
Event: 1345.420 Thread 0x00000173b08bbba0 Exception <a 'java/lang/ArrayIndexOutOfBoundsException'{0x00000000eac99fc0}> (0x00000000eac99fc0) 
thrown [s\src\hotspot\share\runtime\sharedRuntime.cpp, line 631]
Event: 1345.420 Thread 0x00000173b08bbba0 Exception <a 'java/lang/ArrayIndexOutOfBoundsException'{0x00000000eac9a8c8}> (0x00000000eac9a8c8) 
thrown [s\src\hotspot\share\runtime\sharedRuntime.cpp, line 631]
Event: 1345.420 Thread 0x00000173b08bbba0 Exception <a 'java/lang/ArrayIndexOutOfBoundsException'{0x00000000eac9ac88}> (0x00000000eac9ac88) 
thrown [s\src\hotspot\share\runtime\sharedRuntime.cpp, line 631]
Event: 1345.761 Thread 0x00000173b35ad920 Exception <a 'java/lang/ClassNotFoundException'{0x00000000eabef580}: sun/net/www/protocol/jdt/Handler> (0x00000000eabef580) 
thrown [s\src\hotspot\share\classfile\systemDictionary.cpp, line 256]
Event: 1345.979 Thread 0x00000173b35ad920 Exception <a 'java/lang/ClassNotFoundException'{0x00000000eab94e20}: sun/net/www/protocol/jdt/Handler> (0x00000000eab94e20) 
thrown [s\src\hotspot\share\classfile\systemDictionary.cpp, line 256]
Event: 1345.979 Thread 0x00000173b35ad920 Exception <a 'java/lang/ClassNotFoundException'{0x00000000eaba7710}: sun/net/www/protocol/jdt/Handler> (0x00000000eaba7710) 
thrown [s\src\hotspot\share\classfile\systemDictionary.cpp, line 256]
Event: 1345.979 Thread 0x00000173b35ad920 Exception <a 'java/lang/ClassNotFoundException'{0x00000000eabab9c8}: sun/net/www/protocol/jdt/Handler> (0x00000000eabab9c8) 
thrown [s\src\hotspot\share\classfile\systemDictionary.cpp, line 256]
Event: 1345.979 Thread 0x00000173b35ad920 Exception <a 'java/lang/ClassNotFoundException'{0x00000000eabaf8a0}: sun/net/www/protocol/jdt/Handler> (0x00000000eabaf8a0) 
thrown [s\src\hotspot\share\classfile\systemDictionary.cpp, line 256]
Event: 1345.979 Thread 0x00000173b35ad920 Exception <a 'java/lang/ClassNotFoundException'{0x00000000eabb1d70}: sun/net/www/protocol/jdt/Handler> (0x00000000eabb1d70) 
thrown [s\src\hotspot\share\classfile\systemDictionary.cpp, line 256]
Event: 1345.979 Thread 0x00000173b35ad920 Exception <a 'java/lang/ClassNotFoundException'{0x00000000eabb3fb0}: sun/net/www/protocol/jdt/Handler> (0x00000000eabb3fb0) 
thrown [s\src\hotspot\share\classfile\systemDictionary.cpp, line 256]
Event: 1345.979 Thread 0x00000173b35ad920 Exception <a 'java/lang/ClassNotFoundException'{0x00000000eabb6218}: sun/net/www/protocol/jdt/Handler> (0x00000000eabb6218) 
thrown [s\src\hotspot\share\classfile\systemDictionary.cpp, line 256]
Event: 1346.095 Thread 0x00000173b35ad920 Exception <a 'java/lang/ClassNotFoundException'{0x00000000eabcff78}: sun/net/www/protocol/jdt/Handler> (0x00000000eabcff78) 
thrown [s\src\hotspot\share\classfile\systemDictionary.cpp, line 256]
Event: 1346.095 Thread 0x00000173b35ad920 Exception <a 'java/lang/ClassNotFoundException'{0x00000000eabd2868}: sun/net/www/protocol/jdt/Handler> (0x00000000eabd2868) 
thrown [s\src\hotspot\share\classfile\systemDictionary.cpp, line 256]
Event: 1346.095 Thread 0x00000173b35ad920 Exception <a 'java/lang/ClassNotFoundException'{0x00000000eabd6b20}: sun/net/www/protocol/jdt/Handler> (0x00000000eabd6b20) 
thrown [s\src\hotspot\share\classfile\systemDictionary.cpp, line 256]
Event: 1346.095 Thread 0x00000173b35ad920 Exception <a 'java/lang/ClassNotFoundException'{0x00000000eabda9f8}: sun/net/www/protocol/jdt/Handler> (0x00000000eabda9f8) 
thrown [s\src\hotspot\share\classfile\systemDictionary.cpp, line 256]
Event: 1346.095 Thread 0x00000173b35ad920 Exception <a 'java/lang/ClassNotFoundException'{0x00000000eabdceb8}: sun/net/www/protocol/jdt/Handler> (0x00000000eabdceb8) 
thrown [s\src\hotspot\share\classfile\systemDictionary.cpp, line 256]
Event: 1346.095 Thread 0x00000173b35ad920 Exception <a 'java/lang/ClassNotFoundException'{0x00000000eabdf0f8}: sun/net/www/protocol/jdt/Handler> (0x00000000eabdf0f8) 
thrown [s\src\hotspot\share\classfile\systemDictionary.cpp, line 256]
Event: 1346.095 Thread 0x00000173b35ad920 Exception <a 'java/lang/ClassNotFoundException'{0x00000000eabe1360}: sun/net/www/protocol/jdt/Handler> (0x00000000eabe1360) 
thrown [s\src\hotspot\share\classfile\systemDictionary.cpp, line 256]

VM Operations (20 events):
Event: 1356.498 Executing VM operation: ParallelGCFailedAllocation done
Event: 1356.499 Executing VM operation: ParallelGCFailedAllocation
Event: 1356.500 Executing VM operation: ParallelGCFailedAllocation done
Event: 1356.501 Executing VM operation: ParallelGCFailedAllocation
Event: 1356.501 Executing VM operation: ParallelGCFailedAllocation done
Event: 1356.503 Executing VM operation: ParallelGCFailedAllocation
Event: 1356.504 Executing VM operation: ParallelGCFailedAllocation done
Event: 1356.506 Executing VM operation: ParallelGCFailedAllocation
Event: 1356.507 Executing VM operation: ParallelGCFailedAllocation done
Event: 1356.593 Executing VM operation: ParallelGCFailedAllocation
Event: 1356.593 Executing VM operation: ParallelGCFailedAllocation done
Event: 1356.596 Executing VM operation: ParallelGCFailedAllocation
Event: 1356.596 Executing VM operation: ParallelGCFailedAllocation done
Event: 1356.960 Executing VM operation: ParallelGCFailedAllocation
Event: 1356.961 Executing VM operation: ParallelGCFailedAllocation done
Event: 1356.965 Executing VM operation: ParallelGCFailedAllocation
Event: 1356.965 Executing VM operation: ParallelGCFailedAllocation done
Event: 1356.968 Executing VM operation: ParallelGCFailedAllocation
Event: 1356.968 Executing VM operation: ParallelGCFailedAllocation done
Event: 1356.970 Executing VM operation: ParallelGCFailedAllocation

Events (20 events):
Event: 1144.046 Thread 0x00000173b35b10d0 Thread exited: 0x00000173b35b10d0
Event: 1144.085 Thread 0x00000173b35b10d0 Thread added: 0x00000173b35b10d0
Event: 1144.086 Thread 0x00000173b35b2510 Thread exited: 0x00000173b35b2510
Event: 1144.154 Thread 0x00000173b35aed60 Thread exited: 0x00000173b35aed60
Event: 1149.265 Thread 0x00000173b2af18a0 Thread exited: 0x00000173b2af18a0
Event: 1174.155 Thread 0x00000173b35ae340 Thread exited: 0x00000173b35ae340
Event: 1200.766 Thread 0x00000173b35ad920 Thread exited: 0x00000173b35ad920
Event: 1204.152 Thread 0x00000173b35b10d0 Thread exited: 0x00000173b35b10d0
Event: 1213.633 Thread 0x00000173b52c9f00 Thread added: 0x00000173b52c9f00
Event: 1213.633 Thread 0x00000173b52cb440 Thread added: 0x00000173b52cb440
Event: 1213.651 Thread 0x00000173b35ad920 Thread added: 0x00000173b35ad920
Event: 1214.128 Thread 0x00000173b35ae340 Thread added: 0x00000173b35ae340
Event: 1220.740 Thread 0x00000173b52cb440 Thread exited: 0x00000173b52cb440
Event: 1220.740 Thread 0x00000173b52c9f00 Thread exited: 0x00000173b52c9f00
Event: 1229.373 Thread 0x00000173b35b2510 Thread added: 0x00000173b35b2510
Event: 1229.375 Thread 0x00000173b35b2510 Thread exited: 0x00000173b35b2510
Event: 1273.667 Thread 0x00000173b35ad920 Thread exited: 0x00000173b35ad920
Event: 1318.315 Thread 0x00000173b35ae340 Thread exited: 0x00000173b35ae340
Event: 1318.354 Thread 0x00000173b35aed60 Thread added: 0x00000173b35aed60
Event: 1345.451 Thread 0x00000173b35ad920 Thread added: 0x00000173b35ad920


Dynamic libraries:
0x00007ff718a80000 - 0x00007ff718a8e000 	c:\Users\Jon\.vscode\extensions\redhat.java-1.25.1-win32-x64\jre\17.0.9-win32-x86_64\bin\java.exe
0x00007ff8f63f0000 - 0x00007ff8f65e8000 	C:\Windows\SYSTEM32\ntdll.dll
0x00007ff8f5300000 - 0x00007ff8f53bd000 	C:\Windows\System32\KERNEL32.DLL
0x00007ff8f4150000 - 0x00007ff8f4446000 	C:\Windows\System32\KERNELBASE.dll
0x00007ff8f3ad0000 - 0x00007ff8f3bd0000 	C:\Windows\System32\ucrtbase.dll
0x00007ff8edb60000 - 0x00007ff8edb77000 	c:\Users\Jon\.vscode\extensions\redhat.java-1.25.1-win32-x64\jre\17.0.9-win32-x86_64\bin\jli.dll
0x00007ff8e9130000 - 0x00007ff8e914b000 	c:\Users\Jon\.vscode\extensions\redhat.java-1.25.1-win32-x64\jre\17.0.9-win32-x86_64\bin\VCRUNTIME140.dll
0x00007ff8f6210000 - 0x00007ff8f63ae000 	C:\Windows\System32\USER32.dll
0x00007ff8f3d10000 - 0x00007ff8f3d32000 	C:\Windows\System32\win32u.dll
0x00007ff8de390000 - 0x00007ff8de62a000 	C:\Windows\WinSxS\amd64_microsoft.windows.common-controls_6595b64144ccf1df_6.0.19041.3636_none_60b6a03d71f818d5\COMCTL32.dll
0x00007ff8f61e0000 - 0x00007ff8f620c000 	C:\Windows\System32\GDI32.dll
0x00007ff8f5980000 - 0x00007ff8f5a1e000 	C:\Windows\System32\msvcrt.dll
0x00007ff8f3d90000 - 0x00007ff8f3eaa000 	C:\Windows\System32\gdi32full.dll
0x00007ff8f3eb0000 - 0x00007ff8f3f4d000 	C:\Windows\System32\msvcp_win.dll
0x00007ff8f53c0000 - 0x00007ff8f53f0000 	C:\Windows\System32\IMM32.DLL
0x00007ff8edb10000 - 0x00007ff8edb1c000 	c:\Users\Jon\.vscode\extensions\redhat.java-1.25.1-win32-x64\jre\17.0.9-win32-x86_64\bin\vcruntime140_1.dll
0x00007ff8dd090000 - 0x00007ff8dd11d000 	c:\Users\Jon\.vscode\extensions\redhat.java-1.25.1-win32-x64\jre\17.0.9-win32-x86_64\bin\msvcp140.dll
0x00007ff883680000 - 0x00007ff8842e1000 	c:\Users\Jon\.vscode\extensions\redhat.java-1.25.1-win32-x64\jre\17.0.9-win32-x86_64\bin\server\jvm.dll
0x00007ff8f5bb0000 - 0x00007ff8f5c5f000 	C:\Windows\System32\ADVAPI32.dll
0x00007ff8f51a0000 - 0x00007ff8f523c000 	C:\Windows\System32\sechost.dll
0x00007ff8f4bd0000 - 0x00007ff8f4cf6000 	C:\Windows\System32\RPCRT4.dll
0x00007ff8f3070000 - 0x00007ff8f30bb000 	C:\Windows\SYSTEM32\POWRPROF.dll
0x00007ff8ea4d0000 - 0x00007ff8ea4f7000 	C:\Windows\SYSTEM32\WINMM.dll
0x00007ff8eb3c0000 - 0x00007ff8eb3c9000 	C:\Windows\SYSTEM32\WSOCK32.dll
0x00007ff8eb520000 - 0x00007ff8eb52a000 	C:\Windows\SYSTEM32\VERSION.dll
0x00007ff8f5b40000 - 0x00007ff8f5bab000 	C:\Windows\System32\WS2_32.dll
0x00007ff8f2ef0000 - 0x00007ff8f2f02000 	C:\Windows\SYSTEM32\UMPDC.dll
0x00007ff8f19b0000 - 0x00007ff8f19c2000 	C:\Windows\SYSTEM32\kernel.appcore.dll
0x00007ff8eb350000 - 0x00007ff8eb35a000 	c:\Users\Jon\.vscode\extensions\redhat.java-1.25.1-win32-x64\jre\17.0.9-win32-x86_64\bin\jimage.dll
0x00007ff8e5a60000 - 0x00007ff8e5c44000 	C:\Windows\SYSTEM32\DBGHELP.DLL
0x00007ff8cd9a0000 - 0x00007ff8cd9d4000 	C:\Windows\SYSTEM32\dbgcore.DLL
0x00007ff8f3bd0000 - 0x00007ff8f3c52000 	C:\Windows\System32\bcryptPrimitives.dll
0x00007ff8e9c00000 - 0x00007ff8e9c0e000 	c:\Users\Jon\.vscode\extensions\redhat.java-1.25.1-win32-x64\jre\17.0.9-win32-x86_64\bin\instrument.dll
0x00007ff8e75c0000 - 0x00007ff8e75e5000 	c:\Users\Jon\.vscode\extensions\redhat.java-1.25.1-win32-x64\jre\17.0.9-win32-x86_64\bin\java.dll
0x00007ff8e7ee0000 - 0x00007ff8e7ef8000 	c:\Users\Jon\.vscode\extensions\redhat.java-1.25.1-win32-x64\jre\17.0.9-win32-x86_64\bin\zip.dll
0x00007ff8f4460000 - 0x00007ff8f4ba5000 	C:\Windows\System32\SHELL32.dll
0x00007ff8f1bb0000 - 0x00007ff8f234b000 	C:\Windows\SYSTEM32\windows.storage.dll
0x00007ff8f5db0000 - 0x00007ff8f6104000 	C:\Windows\System32\combase.dll
0x00007ff8f3510000 - 0x00007ff8f353d000 	C:\Windows\SYSTEM32\Wldp.dll
0x00007ff8f53f0000 - 0x00007ff8f549d000 	C:\Windows\System32\SHCORE.dll
0x00007ff8f52a0000 - 0x00007ff8f52f5000 	C:\Windows\System32\shlwapi.dll
0x00007ff8f3a00000 - 0x00007ff8f3a25000 	C:\Windows\SYSTEM32\profapi.dll
0x00007ff8e7d10000 - 0x00007ff8e7d29000 	C:\Users\Jon\.vscode\extensions\redhat.java-1.25.1-win32-x64\jre\17.0.9-win32-x86_64\bin\net.dll
0x00007ff8ecde0000 - 0x00007ff8eceea000 	C:\Windows\SYSTEM32\WINHTTP.dll
0x00007ff8f3270000 - 0x00007ff8f32da000 	C:\Windows\system32\mswsock.dll
0x00007ff8e7480000 - 0x00007ff8e7496000 	C:\Users\Jon\.vscode\extensions\redhat.java-1.25.1-win32-x64\jre\17.0.9-win32-x86_64\bin\nio.dll
0x00007ff8e7e10000 - 0x00007ff8e7e20000 	c:\Users\Jon\.vscode\extensions\redhat.java-1.25.1-win32-x64\jre\17.0.9-win32-x86_64\bin\verify.dll
0x00007ff8c96c0000 - 0x00007ff8c96fe000 	C:\Users\Jon\AppData\Roaming\Code\User\globalStorage\redhat.java\1.25.1\config_win\org.eclipse.equinox.launcher\org.eclipse.equinox.launcher.win32.win32.x86_64_1.2.800.v20231003-1442\eclipse_11802.dll
0x00007ff8f4ff0000 - 0x00007ff8f511b000 	C:\Windows\System32\ole32.dll
0x00007ff8ef660000 - 0x00007ff8ef669000 	C:\Users\Jon\.vscode\extensions\redhat.java-1.25.1-win32-x64\jre\17.0.9-win32-x86_64\bin\management.dll
0x00007ff8edb00000 - 0x00007ff8edb0b000 	C:\Users\Jon\.vscode\extensions\redhat.java-1.25.1-win32-x64\jre\17.0.9-win32-x86_64\bin\management_ext.dll
0x00007ff8f5da0000 - 0x00007ff8f5da8000 	C:\Windows\System32\PSAPI.DLL
0x00007ff8f3470000 - 0x00007ff8f3488000 	C:\Windows\SYSTEM32\CRYPTSP.dll
0x00007ff8f2b30000 - 0x00007ff8f2b64000 	C:\Windows\system32\rsaenh.dll
0x00007ff8f4120000 - 0x00007ff8f4147000 	C:\Windows\System32\bcrypt.dll
0x00007ff8f3980000 - 0x00007ff8f39ae000 	C:\Windows\SYSTEM32\USERENV.dll
0x00007ff8f3460000 - 0x00007ff8f346c000 	C:\Windows\SYSTEM32\CRYPTBASE.dll
0x00007ff8f2f10000 - 0x00007ff8f2f4b000 	C:\Windows\SYSTEM32\IPHLPAPI.DLL
0x00007ff8f54a0000 - 0x00007ff8f54a8000 	C:\Windows\System32\NSI.dll
0x00007ff8edfd0000 - 0x00007ff8edfe7000 	C:\Windows\SYSTEM32\dhcpcsvc6.DLL
0x00007ff8edfb0000 - 0x00007ff8edfcd000 	C:\Windows\SYSTEM32\dhcpcsvc.DLL
0x00007ff8f2f50000 - 0x00007ff8f301a000 	C:\Windows\SYSTEM32\DNSAPI.dll
0x00007ff8c8850000 - 0x00007ff8c8895000 	C:\Users\Jon\AppData\Local\Temp\jna-74665\jna11066200405205200548.dll
0x00007ff8eb340000 - 0x00007ff8eb34e000 	C:\Users\Jon\.vscode\extensions\redhat.java-1.25.1-win32-x64\jre\17.0.9-win32-x86_64\bin\sunmscapi.dll
0x00007ff8f3fc0000 - 0x00007ff8f411d000 	C:\Windows\System32\CRYPT32.dll
0x00007ff8f3580000 - 0x00007ff8f35a7000 	C:\Windows\SYSTEM32\ncrypt.dll
0x00007ff8f3540000 - 0x00007ff8f357b000 	C:\Windows\SYSTEM32\NTASN1.dll
0x00007ff8eb740000 - 0x00007ff8eb74a000 	C:\Windows\System32\rasadhlp.dll
0x00007ff8eb3f0000 - 0x00007ff8eb470000 	C:\Windows\System32\fwpuclnt.dll

dbghelp: loaded successfully - version: 4.0.5 - missing functions: none
symbol engine: initialized successfully - sym options: 0x614 - pdb path: .;c:\Users\Jon\.vscode\extensions\redhat.java-1.25.1-win32-x64\jre\17.0.9-win32-x86_64\bin;C:\Windows\SYSTEM32;C:\Windows\WinSxS\amd64_microsoft.windows.common-controls_6595b64144ccf1df_6.0.19041.3636_none_60b6a03d71f818d5;c:\Users\Jon\.vscode\extensions\redhat.java-1.25.1-win32-x64\jre\17.0.9-win32-x86_64\bin\server;C:\Users\Jon\AppData\Roaming\Code\User\globalStorage\redhat.java\1.25.1\config_win\org.eclipse.equinox.launcher\org.eclipse.equinox.launcher.win32.win32.x86_64_1.2.800.v20231003-1442;C:\Users\Jon\AppData\Local\Temp\jna-74665

VM Arguments:
jvm_args: --add-modules=ALL-SYSTEM --add-opens=java.base/java.util=ALL-UNNAMED --add-opens=java.base/java.lang=ALL-UNNAMED --add-opens=java.base/sun.nio.fs=ALL-UNNAMED -Declipse.application=org.eclipse.jdt.ls.core.id1 -Dosgi.bundles.defaultStartLevel=4 -Declipse.product=org.eclipse.jdt.ls.core.product -Djava.import.generatesMetadataFilesAtProjectRoot=false -DDetectVMInstallationsJob.disabled=true -Dfile.encoding=utf8 -XX:+UseParallelGC -XX:GCTimeRatio=4 -XX:AdaptiveSizePolicyWeight=90 -Dsun.zip.disableMemoryMapping=true -Xmx1G -Xms100m -Xlog:disable -javaagent:c:\Users\Jon\.vscode\extensions\redhat.java-1.25.1-win32-x64\lombok\lombok-1.18.30.jar -XX:+HeapDumpOnOutOfMemoryError -XX:HeapDumpPath=c:\Users\Jon\AppData\Roaming\Code\User\workspaceStorage\f5a36d1b45a69a2eec6aa110b2bc296a\redhat.java -Daether.dependencyCollector.impl=bf 
java_command: c:\Users\Jon\.vscode\extensions\redhat.java-1.25.1-win32-x64\server\plugins\org.eclipse.equinox.launcher_1.6.600.v20231106-1826.jar -configuration c:\Users\Jon\AppData\Roaming\Code\User\globalStorage\redhat.java\1.25.1\config_win -data c:\Users\Jon\AppData\Roaming\Code\User\workspaceStorage\f5a36d1b45a69a2eec6aa110b2bc296a\redhat.java\jdt_ws --stdio
java_class_path (initial): c:\Users\Jon\.vscode\extensions\redhat.java-1.25.1-win32-x64\server\plugins\org.eclipse.equinox.launcher_1.6.600.v20231106-1826.jar
Launcher Type: SUN_STANDARD

[Global flags]
    uintx AdaptiveSizePolicyWeight                 = 90                                        {product} {command line}
     intx CICompilerCount                          = 12                                        {product} {ergonomic}
    uintx GCTimeRatio                              = 4                                         {product} {command line}
     bool HeapDumpOnOutOfMemoryError               = true                                   {manageable} {command line}
    ccstr HeapDumpPath                             = c:\Users\Jon\AppData\Roaming\Code\User\workspaceStorage\f5a36d1b45a69a2eec6aa110b2bc296a\redhat.java         {manageable} {command line}
   size_t InitialHeapSize                          = 104857600                                 {product} {command line}
   size_t MaxHeapSize                              = 1073741824                                {product} {command line}
   size_t MaxNewSize                               = 357564416                                 {product} {ergonomic}
   size_t MinHeapDeltaBytes                        = 524288                                    {product} {ergonomic}
   size_t MinHeapSize                              = 104857600                                 {product} {command line}
   size_t NewSize                                  = 34603008                                  {product} {ergonomic}
    uintx NonNMethodCodeHeapSize                   = 7602480                                {pd product} {ergonomic}
    uintx NonProfiledCodeHeapSize                  = 122027880                              {pd product} {ergonomic}
   size_t OldSize                                  = 70254592                                  {product} {ergonomic}
    uintx ProfiledCodeHeapSize                     = 122027880                              {pd product} {ergonomic}
    uintx ReservedCodeCacheSize                    = 251658240                              {pd product} {ergonomic}
     bool SegmentedCodeCache                       = true                                      {product} {ergonomic}
   size_t SoftMaxHeapSize                          = 1073741824                             {manageable} {ergonomic}
     bool UseCompressedClassPointers               = true                           {product lp64_product} {ergonomic}
     bool UseCompressedOops                        = true                           {product lp64_product} {ergonomic}
     bool UseLargePagesIndividualAllocation        = false                                  {pd product} {ergonomic}
     bool UseParallelGC                            = true                                      {product} {command line}

Logging:
Log output configuration:
 #0: stdout all=off uptime,level,tags
 #1: stderr all=off uptime,level,tags

Environment Variables:
JAVA_HOME=C:\Users\Jon\AppData\Local\Programs\Eclipse Adoptium\jdk-17.0.8.7-hotspot\
PATH=C:\Program Files\Common Files\Oracle\Java\javapath;C:\Program Files (x86)\Razer Chroma SDK\bin;C:\Program Files\Razer Chroma SDK\bin;C:\Program Files (x86)\Razer\ChromaBroadcast\bin;C:\Program Files\Razer\ChromaBroadcast\bin;C:\Program Files (x86)\VMware\VMware Workstation\bin\;C:\Windows\system32;C:\Windows;C:\Windows\System32\Wbem;C:\Windows\System32\WindowsPowerShell\v1.0\;C:\Windows\System32\OpenSSH\;C:\Program Files (x86)\NVIDIA Corporation\PhysX\Common;C:\Program Files\NVIDIA Corporation\NVIDIA NvDLISR;C:\Program Files\Git\cmd;C:\Windows\system32\config\systemprofile\AppData\Local\Microsoft\WindowsApps;C:\Users\Jon\AppData\Local\Programs\Eclipse Adoptium\jdk-17.0.8.7-hotspot\bin;C:\Users\Jon\AppData\Local\Microsoft\WindowsApps;D:\VS Code\Microsoft VS Code\bin;C:\Program Files\nodejs\;C:\Users\Jon\AppData\Local\Programs\Eclipse Adoptium\jdk-17.0.8.7-hotspot\bin;C:\Users\Jon\AppData\Local\Microsoft\WindowsApps;;D:\VS Code\Microsoft VS Code\bin;C:\Users\Jon\AppData\Roaming\npm
USERNAME=Jon
OS=Windows_NT
PROCESSOR_IDENTIFIER=Intel64 Family 6 Model 158 Stepping 13, GenuineIntel
TMP=C:\Users\Jon\AppData\Local\Temp
TEMP=C:\Users\Jon\AppData\Local\Temp



Periodic native trim disabled


---------------  S Y S T E M  ---------------

OS:
 Windows 10 , 64 bit Build 19041 (10.0.19041.3636)
OS uptime: 9 days 2:20 hours

CPU: total 16 (initial active 16) (8 cores per cpu, 2 threads per core) family 6 model 158 stepping 13 microcode 0xd6, cx8, cmov, fxsr, ht, mmx, 3dnowpref, sse, sse2, sse3, ssse3, sse4.1, sse4.2, popcnt, lzcnt, tsc, tscinvbit, avx, avx2, aes, erms, clmul, bmi1, bmi2, adx, fma, vzeroupper, clflush, clflushopt
Processor Information for all 16 processors :
  Max Mhz: 3600, Current Mhz: 3600, Mhz Limit: 3600

Memory: 4k page, system-wide physical 32701M (22776M free)
TotalPageFile size 37565M (AvailPageFile size 24208M)
current process WorkingSet (physical memory assigned to process): 612M, peak: 835M
current process commit charge ("private bytes"): 525M, peak: 767M

vm_info: OpenJDK 64-Bit Server VM (17.0.9+9) for windows-amd64 JRE (17.0.9+9), built on Oct 26 2023 14:01:42 by "admin" with MS VC++ 16.10 / 16.11 (VS2019)

END.
